<?xml version="1.0" encoding="UTF-8"?>
<!-- Generated by org.testng.reporters.JUnitReportReporter -->
<testsuite hostname="HOMEPC" failures="0" tests="5" name="DependsOnMethods.DependsOnMethodsClass" time="0.150" errors="0" timestamp="2024-07-28T18:03:51 IST" skipped="0">
  <testcase classname="DependsOnMethods.DependsOnMethodsClass" name="AddToCart" time="0.015"/>
  <testcase classname="DependsOnMethods.DependsOnMethodsClass" name="Payment1" time="0.025"/>
  <testcase classname="DependsOnMethods.DependsOnMethodsClass" name="Login" time="0.091"/>
  <testcase classname="DependsOnMethods.DependsOnMethodsClass" name="WishList" time="0.005"/>
  <testcase classname="DependsOnMethods.DependsOnMethodsClass" name="Payment2" time="0.014"/>
</testsuite> <!-- DependsOnMethods.DependsOnMethodsClass -->
