<?xml version="1.0" encoding="UTF-8"?>
<!-- Generated by org.testng.reporters.JUnitReportReporter -->
<testsuite hostname="HOMEPC" failures="0" tests="2" name="TESTCASES.Case1" time="75.525" errors="0" timestamp="2024-07-27T20:57:15 IST" skipped="0">
  <testcase classname="TESTCASES.Case1" name="sample" time="40.439"/>
  <testcase classname="TESTCASES.Case1" name="testing1" time="35.086"/>
</testsuite> <!-- TESTCASES.Case1 -->
