<?xml version="1.0" encoding="UTF-8"?>
<!-- Generated by org.testng.reporters.JUnitReportReporter -->
<testsuite hostname="HOMEPC" failures="0" tests="2" name="TESTCASES.Case2" time="77.800" errors="0" timestamp="2024-07-27T17:27:01 IST" skipped="0">
  <testcase classname="TESTCASES.Case2" name="testing3" time="19.770"/>
  <testcase classname="TESTCASES.Case2" name="testing2" time="58.030"/>
</testsuite> <!-- TESTCASES.Case2 -->
