<?xml version="1.0" encoding="UTF-8"?>
<!-- Generated by org.testng.reporters.JUnitReportReporter -->
<testsuite hostname="HOMEPC" failures="0" tests="3" name="TESTCASES.Case3" time="60.770" errors="0" timestamp="2024-07-27T17:29:04 IST" skipped="0">
  <testcase classname="TESTCASES.Case3" name="testing6" time="14.720"/>
  <testcase classname="TESTCASES.Case3" name="testing5" time="14.868"/>
  <testcase classname="TESTCASES.Case3" name="testing4" time="31.182"/>
</testsuite> <!-- TESTCASES.Case3 -->
