<?xml version="1.0" encoding="UTF-8"?>
<!-- Generated by org.testng.reporters.JUnitReportReporter -->
<testsuite hostname="HOMEPC" failures="0" tests="2" name="AnnotationTestNG.TestCase" time="0.063" errors="0" timestamp="2024-07-28T20:09:58 IST" skipped="0">
  <testcase classname="AnnotationTestNG.TestCase" name="test6" time="0.049"/>
  <testcase classname="AnnotationTestNG.TestCase" name="test7" time="0.014"/>
</testsuite> <!-- AnnotationTestNG.TestCase -->
