<?xml version="1.0" encoding="UTF-8"?>
<!-- Generated by org.testng.reporters.JUnitReportReporter -->
<testsuite hostname="HOMEPC" failures="0" tests="6" name="Priority.PriorityClass" time="0.131" errors="0" timestamp="2024-07-28T17:59:12 IST" skipped="0">
  <testcase classname="Priority.PriorityClass" name="SignUp" time="0.068"/>
  <testcase classname="Priority.PriorityClass" name="Login" time="0.012"/>
  <testcase classname="Priority.PriorityClass" name="SearchFlight" time="0.019"/>
  <testcase classname="Priority.PriorityClass" name="BookTicket" time="0.009"/>
  <testcase classname="Priority.PriorityClass" name="SaveTicket" time="0.010"/>
  <testcase classname="Priority.PriorityClass" name="Logout" time="0.013"/>
</testsuite> <!-- Priority.PriorityClass -->
