<?xml version="1.0" encoding="UTF-8"?>
<!-- Generated by org.testng.reporters.JUnitReportReporter -->
<testsuite hostname="HOMEPC" failures="0" tests="4" name="TESTCASES.Case2" time="114.201" errors="0" timestamp="2024-07-27T21:05:22 IST" skipped="0">
  <testcase classname="TESTCASES.Case2" name="testing2" time="16.493"/>
  <testcase classname="TESTCASES.Case2" name="testing3" time="38.449"/>
  <testcase classname="TESTCASES.Case2" name="testing2" time="42.868"/>
  <testcase classname="TESTCASES.Case2" name="testing3" time="16.391"/>
</testsuite> <!-- TESTCASES.Case2 -->
