<?xml version="1.0" encoding="UTF-8"?>
<!-- Generated by org.testng.reporters.JUnitReportReporter -->
<testsuite hostname="HOMEPC" failures="0" tests="6" name="TESTCASES.Case3" time="103.324" errors="0" timestamp="2024-07-27T21:05:22 IST" skipped="0">
  <testcase classname="TESTCASES.Case3" name="testing6" time="14.094"/>
  <testcase classname="TESTCASES.Case3" name="testing5" time="13.548"/>
  <testcase classname="TESTCASES.Case3" name="testing4" time="14.142"/>
  <testcase classname="TESTCASES.Case3" name="testing5" time="14.677"/>
  <testcase classname="TESTCASES.Case3" name="testing6" time="11.077"/>
  <testcase classname="TESTCASES.Case3" name="testing4" time="35.786"/>
</testsuite> <!-- TESTCASES.Case3 -->
