<?xml version="1.0" encoding="UTF-8"?>
<!-- Generated by org.testng.reporters.JUnitReportReporter -->
<testsuite hostname="HOMEPC" failures="0" tests="6" name="TESTCASES.Case1" time="173.925" errors="0" timestamp="2024-07-27T21:05:22 IST" skipped="0">
  <testcase classname="TESTCASES.Case1" name="testing1" time="14.923"/>
  <testcase classname="TESTCASES.Case1" name="testing1" time="17.685"/>
  <testcase classname="TESTCASES.Case1" name="sample" time="47.858"/>
  <testcase classname="TESTCASES.Case1" name="sample" time="12.617"/>
  <testcase classname="TESTCASES.Case1" name="testing1" time="69.257"/>
  <testcase classname="TESTCASES.Case1" name="sample" time="11.585"/>
</testsuite> <!-- TESTCASES.Case1 -->
