<?xml version="1.0" encoding="UTF-8"?>
<!-- Generated by org.testng.reporters.JUnitReportReporter -->
<testsuite hostname="HOMEPC" failures="0" tests="2" name="ParallelExe.Case1" time="71.888" errors="0" timestamp="2024-07-28T19:04:08 IST" skipped="0">
  <testcase classname="ParallelExe.Case1" name="testing1" time="33.846"/>
  <testcase classname="ParallelExe.Case1" name="testing2" time="38.042"/>
</testsuite> <!-- ParallelExe.Case1 -->
