<?xml version="1.0" encoding="UTF-8"?>
<!-- Generated by org.testng.reporters.JUnitReportReporter -->
<testsuite hostname="HOMEPC" failures="0" tests="1" name="ParallelExe.Case3" time="34.598" errors="0" timestamp="2024-07-28T19:04:08 IST" skipped="0">
  <testcase classname="ParallelExe.Case3" name="testing4" time="34.598"/>
</testsuite> <!-- ParallelExe.Case3 -->
